2019-10-27 00:30:29.797  INFO 22476 --- [http-nio-8080-exec-1] o.a.c.c.C.[Tomcat].[localhost].[/]       : Initializing Spring DispatcherServlet 'dispatcherServlet'
2019-10-27 00:30:29.807  INFO 22476 --- [http-nio-8080-exec-1] o.s.web.servlet.DispatcherServlet        : Initializing Servlet 'dispatcherServlet'
2019-10-27 00:30:29.825  INFO 22476 --- [http-nio-8080-exec-1] o.s.web.servlet.DispatcherServlet        : Completed initialization in 18 ms
2019-10-27 01:23:17.289  INFO 22476 --- [cluster-ClusterId{value='5db4ce98309ede57cc3a13a1', description='null'}-localhost:27017] org.mongodb.driver.cluster               : Exception in monitor thread while connecting to server localhost:27017

com.mongodb.MongoSocketOpenException: Exception opening socket
	at com.mongodb.internal.connection.SocketStream.open(SocketStream.java:67) ~[mongodb-driver-core-3.8.2.jar:na]
	at com.mongodb.internal.connection.InternalStreamConnection.open(InternalStreamConnection.java:126) ~[mongodb-driver-core-3.8.2.jar:na]
	at com.mongodb.internal.connection.DefaultServerMonitor$ServerMonitorRunnable.run(DefaultServerMonitor.java:131) ~[mongodb-driver-core-3.8.2.jar:na]
	at java.lang.Thread.run(Thread.java:748) [na:1.8.0_222]
Caused by: java.net.ConnectException: Connection refused (Connection refused)
	at java.net.PlainSocketImpl.socketConnect(Native Method) ~[na:1.8.0_222]
	at java.net.AbstractPlainSocketImpl.doConnect(AbstractPlainSocketImpl.java:350) ~[na:1.8.0_222]
	at java.net.AbstractPlainSocketImpl.connectToAddress(AbstractPlainSocketImpl.java:206) ~[na:1.8.0_222]
	at java.net.AbstractPlainSocketImpl.connect(AbstractPlainSocketImpl.java:188) ~[na:1.8.0_222]
	at java.net.SocksSocketImpl.connect(SocksSocketImpl.java:392) ~[na:1.8.0_222]
	at java.net.Socket.connect(Socket.java:589) ~[na:1.8.0_222]
	at com.mongodb.internal.connection.SocketStreamHelper.initialize(SocketStreamHelper.java:64) ~[mongodb-driver-core-3.8.2.jar:na]
	at com.mongodb.internal.connection.SocketStream.open(SocketStream.java:62) ~[mongodb-driver-core-3.8.2.jar:na]
	... 3 common frames omitted

2019-10-27 01:23:21.997  INFO 22476 --- [Thread-21] o.s.s.concurrent.ThreadPoolTaskExecutor  : Shutting down ExecutorService 'applicationTaskExecutor'
2019-10-27 01:23:21.998  INFO 22476 --- [Thread-21] org.mongodb.driver.connection            : Closed connection [connectionId{localValue:6, serverValue:6}] to localhost:27017 because there was a socket exception raised on another connection from this pool.
2019-10-27 01:25:43.042  INFO 29034 --- [restartedMain] com.chitra.ChitraLimbuApplication        : Starting ChitraLimbuApplication on chitra-limbu with PID 29034 (/home/niku/Documents/IntellijWS/ChitraLimbu/target/classes started by niku in /home/niku/Documents/IntellijWS/ChitraLimbu)
2019-10-27 01:25:43.047  INFO 29034 --- [restartedMain] com.chitra.ChitraLimbuApplication        : The following profiles are active: development
2019-10-27 01:25:43.959  INFO 29034 --- [restartedMain] .e.DevToolsPropertyDefaultsPostProcessor : Devtools property defaults active! Set 'spring.devtools.add-properties' to 'false' to disable
2019-10-27 01:25:43.959  INFO 29034 --- [restartedMain] .e.DevToolsPropertyDefaultsPostProcessor : For additional web related logging consider setting the 'logging.level.web' property to 'DEBUG'
2019-10-27 01:25:45.646  INFO 29034 --- [restartedMain] .s.d.r.c.RepositoryConfigurationDelegate : Bootstrapping Spring Data repositories in DEFAULT mode.
2019-10-27 01:25:45.783  INFO 29034 --- [restartedMain] .s.d.r.c.RepositoryConfigurationDelegate : Finished Spring Data repository scanning in 130ms. Found 10 repository interfaces.
2019-10-27 01:25:46.556  INFO 29034 --- [restartedMain] trationDelegate$BeanPostProcessorChecker : Bean 'org.springframework.ws.config.annotation.DelegatingWsConfiguration' of type [org.springframework.ws.config.annotation.DelegatingWsConfiguration$$EnhancerBySpringCGLIB$$25c5fe5f] is not eligible for getting processed by all BeanPostProcessors (for example: not eligible for auto-proxying)
2019-10-27 01:25:46.622  INFO 29034 --- [restartedMain] .w.s.a.s.AnnotationActionEndpointMapping : Supporting [WS-Addressing August 2004, WS-Addressing 1.0]
2019-10-27 01:25:47.337  INFO 29034 --- [restartedMain] o.s.b.w.embedded.tomcat.TomcatWebServer  : Tomcat initialized with port(s): 8080 (http)
2019-10-27 01:25:47.393  INFO 29034 --- [restartedMain] o.apache.catalina.core.StandardService   : Starting service [Tomcat]
2019-10-27 01:25:47.394  INFO 29034 --- [restartedMain] org.apache.catalina.core.StandardEngine  : Starting Servlet engine: [Apache Tomcat/9.0.22]
2019-10-27 01:25:47.590  INFO 29034 --- [restartedMain] o.a.c.c.C.[Tomcat].[localhost].[/]       : Initializing Spring embedded WebApplicationContext
2019-10-27 01:25:47.591  INFO 29034 --- [restartedMain] o.s.web.context.ContextLoader            : Root WebApplicationContext: initialization completed in 3631 ms
2019-10-27 01:25:48.506  INFO 29034 --- [restartedMain] org.mongodb.driver.cluster               : Cluster created with settings {hosts=[localhost:27017], mode=MULTIPLE, requiredClusterType=UNKNOWN, serverSelectionTimeout='30000 ms', maxWaitQueueSize=500}
2019-10-27 01:25:48.507  INFO 29034 --- [restartedMain] org.mongodb.driver.cluster               : Adding discovered server localhost:27017 to client view of cluster
2019-10-27 01:25:48.616  INFO 29034 --- [cluster-ClusterId{value='5db4e40c309ede716ac17486', description='null'}-localhost:27017] org.mongodb.driver.connection            : Opened connection [connectionId{localValue:1, serverValue:1}] to localhost:27017
2019-10-27 01:25:48.625  INFO 29034 --- [cluster-ClusterId{value='5db4e40c309ede716ac17486', description='null'}-localhost:27017] org.mongodb.driver.cluster               : Monitor thread successfully connected to server with description ServerDescription{address=localhost:27017, type=STANDALONE, state=CONNECTED, ok=true, version=ServerVersion{versionList=[3, 6, 3]}, minWireVersion=0, maxWireVersion=6, maxDocumentSize=16777216, logicalSessionTimeoutMinutes=30, roundTripTimeNanos=4394006}
2019-10-27 01:25:48.628  INFO 29034 --- [cluster-ClusterId{value='5db4e40c309ede716ac17486', description='null'}-localhost:27017] org.mongodb.driver.cluster               : Discovered cluster type of STANDALONE
2019-10-27 01:25:49.329  INFO 29034 --- [restartedMain] org.mongodb.driver.connection            : Opened connection [connectionId{localValue:2, serverValue:2}] to localhost:27017
2019-10-27 01:25:49.730  INFO 29034 --- [restartedMain] o.s.b.d.a.OptionalLiveReloadServer       : LiveReload server is running on port 35729
2019-10-27 01:25:50.834  INFO 29034 --- [restartedMain] o.s.s.web.DefaultSecurityFilterChain     : Creating filter chain: any request, [org.springframework.security.web.context.request.async.WebAsyncManagerIntegrationFilter@3a62a25b, org.springframework.security.web.context.SecurityContextPersistenceFilter@296a85eb, org.springframework.security.web.header.HeaderWriterFilter@79a755aa, org.springframework.security.web.authentication.logout.LogoutFilter@294778f4, org.springframework.security.web.authentication.UsernamePasswordAuthenticationFilter@3ed0fee7, org.springframework.security.web.authentication.www.BasicAuthenticationFilter@40258021, org.springframework.security.web.savedrequest.RequestCacheAwareFilter@3588a8f8, org.springframework.security.web.servletapi.SecurityContextHolderAwareRequestFilter@7d79cf67, org.springframework.security.web.authentication.AnonymousAuthenticationFilter@22a7a8dd, org.springframework.security.web.session.SessionManagementFilter@677d2689, org.springframework.security.web.access.ExceptionTranslationFilter@2b508136, org.springframework.security.web.access.intercept.FilterSecurityInterceptor@61cb8b93]
2019-10-27 01:25:51.247  INFO 29034 --- [restartedMain] o.s.s.concurrent.ThreadPoolTaskExecutor  : Initializing ExecutorService 'applicationTaskExecutor'
2019-10-27 01:25:51.847  INFO 29034 --- [restartedMain] o.s.b.a.e.web.EndpointLinksResolver      : Exposing 16 endpoint(s) beneath base path '/management'
2019-10-27 01:25:52.091  INFO 29034 --- [restartedMain] o.s.b.w.embedded.tomcat.TomcatWebServer  : Tomcat started on port(s): 8080 (http) with context path ''
2019-10-27 01:25:52.095  INFO 29034 --- [restartedMain] com.chitra.ChitraLimbuApplication        : Started ChitraLimbuApplication in 10.62 seconds (JVM running for 12.11)
2019-10-27 01:28:09.081  INFO 29034 --- [http-nio-8080-exec-1] o.a.c.c.C.[Tomcat].[localhost].[/]       : Initializing Spring DispatcherServlet 'dispatcherServlet'
2019-10-27 01:28:09.083  INFO 29034 --- [http-nio-8080-exec-1] o.s.web.servlet.DispatcherServlet        : Initializing Servlet 'dispatcherServlet'
2019-10-27 01:28:09.104  INFO 29034 --- [http-nio-8080-exec-1] o.s.web.servlet.DispatcherServlet        : Completed initialization in 21 ms
